[INFO] [2020-06-04 11:00:50.000471][air.kanna.nanoHttpSharePC.logger.impl.Log4jLogger.info(Log4jLogger.java:21)] - /
[INFO] [2020-06-04 11:00:50.000494][air.kanna.nanoHttpSharePC.logger.impl.Log4jLogger.info(Log4jLogger.java:21)] - /favicon.ico
[INFO] [2020-06-04 11:01:13.000542][air.kanna.nanoHttpSharePC.logger.impl.Log4jLogger.info(Log4jLogger.java:21)] - /sdfjsadlf
[INFO] [2020-06-04 11:01:13.000560][air.kanna.nanoHttpSharePC.logger.impl.Log4jLogger.info(Log4jLogger.java:21)] - /favicon.ico
[INFO] [2020-06-04 12:02:20.000748][air.kanna.nanoHttpSharePC.logger.impl.Log4jLogger.info(Log4jLogger.java:21)] - /sdfjsadlf
[INFO] [2020-06-04 12:02:20.000776][air.kanna.nanoHttpSharePC.logger.impl.Log4jLogger.info(Log4jLogger.java:21)] - /favicon.ico
[INFO] [2020-06-04 12:02:43.000610][air.kanna.nanoHttpSharePC.logger.impl.Log4jLogger.info(Log4jLogger.java:21)] - /sdfjsadlf
[INFO] [2020-06-04 12:03:09.000343][air.kanna.nanoHttpSharePC.logger.impl.Log4jLogger.info(Log4jLogger.java:21)] - /sdfjsadlf
[INFO] [2020-06-04 12:03:29.000105][air.kanna.nanoHttpSharePC.logger.impl.Log4jLogger.info(Log4jLogger.java:21)] - /sdfjsadlf
[INFO] [2020-06-04 12:03:39.000889][air.kanna.nanoHttpSharePC.logger.impl.Log4jLogger.info(Log4jLogger.java:21)] - /sdfjsadlf
[INFO] [2020-06-04 12:04:01.000310][air.kanna.nanoHttpSharePC.logger.impl.Log4jLogger.info(Log4jLogger.java:21)] - /favicon.ico
[INFO] [2020-06-04 12:04:21.000765][air.kanna.nanoHttpSharePC.logger.impl.Log4jLogger.info(Log4jLogger.java:21)] - /favicon.ico
[INFO] [2020-06-04 12:32:28.000833][air.kanna.nanoHttpSharePC.logger.impl.Log4jLogger.info(Log4jLogger.java:21)] - /ddd
[INFO] [2020-06-04 12:32:34.000138][air.kanna.nanoHttpSharePC.logger.impl.Log4jLogger.info(Log4jLogger.java:21)] - /ddd
[INFO] [2020-06-04 12:32:35.000977][air.kanna.nanoHttpSharePC.logger.impl.Log4jLogger.info(Log4jLogger.java:21)] - /ddd
[INFO] [2020-06-04 12:32:39.000643][air.kanna.nanoHttpSharePC.logger.impl.Log4jLogger.info(Log4jLogger.java:21)] - /
[INFO] [2020-06-04 14:39:05.000960][air.kanna.nanoHttpSharePC.logger.impl.Log4jLogger.info(Log4jLogger.java:21)] - /
[INFO] [2020-06-04 14:39:49.000643][air.kanna.nanoHttpSharePC.logger.impl.Log4jLogger.info(Log4jLogger.java:21)] - /
[INFO] [2020-06-04 14:39:49.000660][air.kanna.nanoHttpSharePC.logger.impl.Log4jLogger.info(Log4jLogger.java:21)] - /favicon.ico
[INFO] [2020-06-04 14:39:53.000170][air.kanna.nanoHttpSharePC.logger.impl.Log4jLogger.info(Log4jLogger.java:21)] - /abcd/efgh/ijk
[INFO] [2020-06-04 14:43:31.000761][air.kanna.nanoHttpSharePC.logger.impl.Log4jLogger.info(Log4jLogger.java:21)] - /
[INFO] [2020-06-04 14:43:31.000921][air.kanna.nanoHttpSharePC.logger.impl.Log4jLogger.info(Log4jLogger.java:21)] - /favicon.ico
[INFO] [2020-06-04 14:43:43.000390][air.kanna.nanoHttpSharePC.logger.impl.Log4jLogger.info(Log4jLogger.java:21)] - /
[INFO] [2020-06-04 14:43:43.000465][air.kanna.nanoHttpSharePC.logger.impl.Log4jLogger.info(Log4jLogger.java:21)] - /favicon.ico
[INFO] [2020-06-04 14:43:53.000557][air.kanna.nanoHttpSharePC.logger.impl.Log4jLogger.info(Log4jLogger.java:21)] - /abcd/efgh/ijk
[INFO] [2020-06-04 14:44:34.000904][air.kanna.nanoHttpSharePC.logger.impl.Log4jLogger.info(Log4jLogger.java:21)] - /
[INFO] [2020-06-04 14:44:34.000932][air.kanna.nanoHttpSharePC.logger.impl.Log4jLogger.info(Log4jLogger.java:21)] - /favicon.ico
[INFO] [2020-06-04 14:47:30.000118][air.kanna.nanoHttpSharePC.logger.impl.Log4jLogger.info(Log4jLogger.java:21)] - /
[INFO] [2020-06-04 14:47:30.000140][air.kanna.nanoHttpSharePC.logger.impl.Log4jLogger.info(Log4jLogger.java:21)] - /favicon.ico
[INFO] [2020-06-04 14:47:33.000998][air.kanna.nanoHttpSharePC.logger.impl.Log4jLogger.info(Log4jLogger.java:21)] - /abcd/efgh/ijk
[INFO] [2020-06-04 15:22:42.000376][air.kanna.nanoHttpSharePC.logger.impl.Log4jLogger.info(Log4jLogger.java:21)] - /
[INFO] [2020-06-04 15:22:42.000508][air.kanna.nanoHttpSharePC.logger.impl.Log4jLogger.info(Log4jLogger.java:21)] - /
[INFO] [2020-06-04 15:22:42.000509][air.kanna.nanoHttpSharePC.logger.impl.Log4jLogger.info(Log4jLogger.java:21)] - /
[INFO] [2020-06-04 15:22:47.000540][air.kanna.nanoHttpSharePC.logger.impl.Log4jLogger.info(Log4jLogger.java:21)] - /
[INFO] [2020-06-04 15:22:59.000820][air.kanna.nanoHttpSharePC.logger.impl.Log4jLogger.info(Log4jLogger.java:21)] - /
[INFO] [2020-06-04 15:23:49.000447][air.kanna.nanoHttpSharePC.logger.impl.Log4jLogger.info(Log4jLogger.java:21)] - /
[INFO] [2020-06-04 15:24:19.000511][air.kanna.nanoHttpSharePC.logger.impl.Log4jLogger.info(Log4jLogger.java:21)] - /
[INFO] [2020-06-04 15:24:40.000802][air.kanna.nanoHttpSharePC.logger.impl.Log4jLogger.info(Log4jLogger.java:21)] - /
[INFO] [2020-06-04 15:26:20.000266][air.kanna.nanoHttpSharePC.logger.impl.Log4jLogger.info(Log4jLogger.java:21)] - /
[INFO] [2020-06-04 15:26:24.000937][air.kanna.nanoHttpSharePC.logger.impl.Log4jLogger.info(Log4jLogger.java:21)] - /
[INFO] [2020-06-04 15:26:49.000986][air.kanna.nanoHttpSharePC.logger.impl.Log4jLogger.info(Log4jLogger.java:21)] - /
[INFO] [2020-06-04 15:27:04.000746][air.kanna.nanoHttpSharePC.logger.impl.Log4jLogger.info(Log4jLogger.java:21)] - /
[INFO] [2020-06-04 15:27:25.000580][air.kanna.nanoHttpSharePC.logger.impl.Log4jLogger.info(Log4jLogger.java:21)] - /
[ERROR] [2020-06-04 15:27:27.000968][air.kanna.nanoHttpSharePC.logger.impl.Log4jLogger.error(Log4jLogger.java:41)] - 
java.lang.NullPointerException
	at air.kanna.nanoHttpShare.ShareHttpService.serve(ShareHttpService.java:40)
	at fi.iki.elonen.NanoHTTPD$HTTPSession.execute(NanoHTTPD.java:840)
	at fi.iki.elonen.NanoHTTPD$ClientHandler.run(NanoHTTPD.java:189)
	at java.lang.Thread.run(Thread.java:748)
[INFO] [2020-06-04 15:28:00.000690][air.kanna.nanoHttpSharePC.logger.impl.Log4jLogger.info(Log4jLogger.java:21)] - /
[ERROR] [2020-06-04 15:28:00.000690][air.kanna.nanoHttpSharePC.logger.impl.Log4jLogger.error(Log4jLogger.java:41)] - 
java.lang.NullPointerException
	at air.kanna.nanoHttpShare.ShareHttpService.serve(ShareHttpService.java:40)
	at fi.iki.elonen.NanoHTTPD$HTTPSession.execute(NanoHTTPD.java:840)
	at fi.iki.elonen.NanoHTTPD$ClientHandler.run(NanoHTTPD.java:189)
	at java.lang.Thread.run(Thread.java:748)
[INFO] [2020-06-04 15:28:03.000552][air.kanna.nanoHttpSharePC.logger.impl.Log4jLogger.info(Log4jLogger.java:21)] - /
[ERROR] [2020-06-04 15:28:03.000552][air.kanna.nanoHttpSharePC.logger.impl.Log4jLogger.error(Log4jLogger.java:41)] - 
java.lang.NullPointerException
	at air.kanna.nanoHttpShare.ShareHttpService.serve(ShareHttpService.java:40)
	at fi.iki.elonen.NanoHTTPD$HTTPSession.execute(NanoHTTPD.java:840)
	at fi.iki.elonen.NanoHTTPD$ClientHandler.run(NanoHTTPD.java:189)
	at java.lang.Thread.run(Thread.java:748)
[INFO] [2020-06-04 15:28:24.000092][air.kanna.nanoHttpSharePC.logger.impl.Log4jLogger.info(Log4jLogger.java:21)] - /
[ERROR] [2020-06-04 15:28:24.000093][air.kanna.nanoHttpSharePC.logger.impl.Log4jLogger.error(Log4jLogger.java:41)] - 
java.lang.NullPointerException
	at air.kanna.nanoHttpShare.ShareHttpService.serve(ShareHttpService.java:40)
	at fi.iki.elonen.NanoHTTPD$HTTPSession.execute(NanoHTTPD.java:840)
	at fi.iki.elonen.NanoHTTPD$ClientHandler.run(NanoHTTPD.java:189)
	at java.lang.Thread.run(Thread.java:748)
[INFO] [2020-06-04 15:28:52.000884][air.kanna.nanoHttpSharePC.logger.impl.Log4jLogger.info(Log4jLogger.java:21)] - /
[ERROR] [2020-06-04 15:28:52.000888][air.kanna.nanoHttpSharePC.logger.impl.Log4jLogger.error(Log4jLogger.java:41)] - 
java.lang.NullPointerException
	at air.kanna.nanoHttpShare.ShareHttpService.serve(ShareHttpService.java:40)
	at fi.iki.elonen.NanoHTTPD$HTTPSession.execute(NanoHTTPD.java:840)
	at fi.iki.elonen.NanoHTTPD$ClientHandler.run(NanoHTTPD.java:189)
	at java.lang.Thread.run(Thread.java:748)
[INFO] [2020-06-04 15:28:54.000569][air.kanna.nanoHttpSharePC.logger.impl.Log4jLogger.info(Log4jLogger.java:21)] - /
[ERROR] [2020-06-04 15:28:54.000571][air.kanna.nanoHttpSharePC.logger.impl.Log4jLogger.error(Log4jLogger.java:41)] - 
java.lang.NullPointerException
	at air.kanna.nanoHttpShare.ShareHttpService.serve(ShareHttpService.java:40)
	at fi.iki.elonen.NanoHTTPD$HTTPSession.execute(NanoHTTPD.java:840)
	at fi.iki.elonen.NanoHTTPD$ClientHandler.run(NanoHTTPD.java:189)
	at java.lang.Thread.run(Thread.java:748)
[INFO] [2020-06-04 15:28:55.000894][air.kanna.nanoHttpSharePC.logger.impl.Log4jLogger.info(Log4jLogger.java:21)] - /
[ERROR] [2020-06-04 15:28:55.000895][air.kanna.nanoHttpSharePC.logger.impl.Log4jLogger.error(Log4jLogger.java:41)] - 
java.lang.NullPointerException
	at air.kanna.nanoHttpShare.ShareHttpService.serve(ShareHttpService.java:40)
	at fi.iki.elonen.NanoHTTPD$HTTPSession.execute(NanoHTTPD.java:840)
	at fi.iki.elonen.NanoHTTPD$ClientHandler.run(NanoHTTPD.java:189)
	at java.lang.Thread.run(Thread.java:748)
[INFO] [2020-06-04 15:29:41.000162][air.kanna.nanoHttpSharePC.logger.impl.Log4jLogger.info(Log4jLogger.java:21)] - /
[INFO] [2020-06-04 15:29:41.000210][air.kanna.nanoHttpSharePC.logger.impl.Log4jLogger.info(Log4jLogger.java:21)] - /favicon.ico
[INFO] [2020-06-04 15:37:57.000241][air.kanna.nanoHttpSharePC.logger.impl.Log4jLogger.info(Log4jLogger.java:21)] - /
[INFO] [2020-06-04 15:37:57.000270][air.kanna.nanoHttpSharePC.logger.impl.Log4jLogger.info(Log4jLogger.java:21)] - /favicon.ico
[INFO] [2020-06-04 15:38:30.000030][air.kanna.nanoHttpSharePC.logger.impl.Log4jLogger.info(Log4jLogger.java:21)] - /
[INFO] [2020-06-04 15:38:30.000041][air.kanna.nanoHttpSharePC.logger.impl.Log4jLogger.info(Log4jLogger.java:21)] - /favicon.ico
[INFO] [2020-06-04 15:38:57.000080][air.kanna.nanoHttpSharePC.logger.impl.Log4jLogger.info(Log4jLogger.java:21)] - /fileShare
[INFO] [2020-06-04 15:42:17.000225][air.kanna.nanoHttpSharePC.logger.impl.Log4jLogger.info(Log4jLogger.java:21)] - /
[INFO] [2020-06-04 15:42:17.000319][air.kanna.nanoHttpSharePC.logger.impl.Log4jLogger.info(Log4jLogger.java:21)] - /favicon.ico
[INFO] [2020-06-04 15:42:21.000726][air.kanna.nanoHttpSharePC.logger.impl.Log4jLogger.info(Log4jLogger.java:21)] - /
[INFO] [2020-06-04 15:42:21.000813][air.kanna.nanoHttpSharePC.logger.impl.Log4jLogger.info(Log4jLogger.java:21)] - /favicon.ico
[INFO] [2020-06-04 15:42:24.000416][air.kanna.nanoHttpSharePC.logger.impl.Log4jLogger.info(Log4jLogger.java:21)] - /fileShare
[INFO] [2020-06-04 16:13:23.000582][air.kanna.nanoHttpSharePC.logger.impl.Log4jLogger.info(Log4jLogger.java:21)] - /@@@
[INFO] [2020-06-05 09:35:25.000237][air.kanna.nanoHttpSharePC.logger.impl.Log4jLogger.info(Log4jLogger.java:21)] - /@@@
[INFO] [2020-06-05 09:35:33.000967][air.kanna.nanoHttpSharePC.logger.impl.Log4jLogger.info(Log4jLogger.java:21)] - /
[INFO] [2020-06-05 09:35:59.000401][air.kanna.nanoHttpSharePC.logger.impl.Log4jLogger.info(Log4jLogger.java:21)] - /
[INFO] [2020-06-05 09:35:59.000422][air.kanna.nanoHttpSharePC.logger.impl.Log4jLogger.info(Log4jLogger.java:21)] - /favicon.ico
[INFO] [2020-06-05 09:36:01.000673][air.kanna.nanoHttpSharePC.logger.impl.Log4jLogger.info(Log4jLogger.java:21)] - /fileShare
[INFO] [2020-06-08 11:54:15.000146][air.kanna.nanoHttpSharePC.logger.impl.Log4jLogger.info(Log4jLogger.java:21)] - /
[INFO] [2020-06-08 11:54:16.000491][air.kanna.nanoHttpSharePC.logger.impl.Log4jLogger.info(Log4jLogger.java:21)] - /fileShare
[INFO] [2020-06-08 11:55:06.000278][air.kanna.nanoHttpSharePC.logger.impl.Log4jLogger.info(Log4jLogger.java:21)] - /fileShare
[INFO] [2020-06-08 11:55:56.000225][air.kanna.nanoHttpSharePC.logger.impl.Log4jLogger.info(Log4jLogger.java:21)] - /fileShare
[INFO] [2020-06-08 11:56:35.000866][air.kanna.nanoHttpSharePC.logger.impl.Log4jLogger.info(Log4jLogger.java:21)] - /fileShare
[INFO] [2020-06-08 11:57:14.000718][air.kanna.nanoHttpSharePC.logger.impl.Log4jLogger.info(Log4jLogger.java:21)] - /fileShare/@file.png
[INFO] [2020-06-08 11:57:14.000719][air.kanna.nanoHttpSharePC.logger.impl.Log4jLogger.info(Log4jLogger.java:21)] - /fileShare/@folder.png
[INFO] [2020-06-08 11:58:02.000594][air.kanna.nanoHttpSharePC.logger.impl.Log4jLogger.info(Log4jLogger.java:21)] - /fileShare/.classpath
[INFO] [2020-06-08 11:58:06.000927][air.kanna.nanoHttpSharePC.logger.impl.Log4jLogger.info(Log4jLogger.java:21)] - /fileShare/.project
[INFO] [2020-06-08 11:58:09.000872][air.kanna.nanoHttpSharePC.logger.impl.Log4jLogger.info(Log4jLogger.java:21)] - /fileShare/pom.xml
[INFO] [2020-06-08 11:58:17.000263][air.kanna.nanoHttpSharePC.logger.impl.Log4jLogger.info(Log4jLogger.java:21)] - /fileShare/logs
[INFO] [2020-06-08 11:58:17.000274][air.kanna.nanoHttpSharePC.logger.impl.Log4jLogger.info(Log4jLogger.java:21)] - /fileShare/@folder.png
[INFO] [2020-06-08 11:58:17.000274][air.kanna.nanoHttpSharePC.logger.impl.Log4jLogger.info(Log4jLogger.java:21)] - /fileShare/@file.png
[INFO] [2020-06-08 11:58:18.000975][air.kanna.nanoHttpSharePC.logger.impl.Log4jLogger.info(Log4jLogger.java:21)] - /fileShare/
[INFO] [2020-06-08 11:58:18.000988][air.kanna.nanoHttpSharePC.logger.impl.Log4jLogger.info(Log4jLogger.java:21)] - /fileShare/@file.png
[INFO] [2020-06-08 11:58:18.000988][air.kanna.nanoHttpSharePC.logger.impl.Log4jLogger.info(Log4jLogger.java:21)] - /fileShare/@folder.png
[INFO] [2020-06-08 11:58:20.000496][air.kanna.nanoHttpSharePC.logger.impl.Log4jLogger.info(Log4jLogger.java:21)] - /fileShare/.settings
[INFO] [2020-06-08 11:58:20.000508][air.kanna.nanoHttpSharePC.logger.impl.Log4jLogger.info(Log4jLogger.java:21)] - /fileShare/@folder.png
[INFO] [2020-06-08 11:58:20.000508][air.kanna.nanoHttpSharePC.logger.impl.Log4jLogger.info(Log4jLogger.java:21)] - /fileShare/@file.png
[INFO] [2020-06-08 11:58:22.000639][air.kanna.nanoHttpSharePC.logger.impl.Log4jLogger.info(Log4jLogger.java:21)] - /fileShare/
[INFO] [2020-06-08 11:58:22.000650][air.kanna.nanoHttpSharePC.logger.impl.Log4jLogger.info(Log4jLogger.java:21)] - /fileShare/@file.png
[INFO] [2020-06-08 11:58:22.000650][air.kanna.nanoHttpSharePC.logger.impl.Log4jLogger.info(Log4jLogger.java:21)] - /fileShare/@folder.png
[INFO] [2020-06-08 11:58:23.000703][air.kanna.nanoHttpSharePC.logger.impl.Log4jLogger.info(Log4jLogger.java:21)] - /fileShare/src
[INFO] [2020-06-08 11:58:23.000715][air.kanna.nanoHttpSharePC.logger.impl.Log4jLogger.info(Log4jLogger.java:21)] - /fileShare/@folder.png
[INFO] [2020-06-08 11:58:24.000800][air.kanna.nanoHttpSharePC.logger.impl.Log4jLogger.info(Log4jLogger.java:21)] - /fileShare/src/main
[INFO] [2020-06-08 11:58:24.000811][air.kanna.nanoHttpSharePC.logger.impl.Log4jLogger.info(Log4jLogger.java:21)] - /fileShare/@folder.png
[INFO] [2020-06-08 11:58:25.000376][air.kanna.nanoHttpSharePC.logger.impl.Log4jLogger.info(Log4jLogger.java:21)] - /fileShare/src/main/java
[INFO] [2020-06-08 11:58:25.000387][air.kanna.nanoHttpSharePC.logger.impl.Log4jLogger.info(Log4jLogger.java:21)] - /fileShare/@folder.png
[INFO] [2020-06-08 11:58:25.000387][air.kanna.nanoHttpSharePC.logger.impl.Log4jLogger.info(Log4jLogger.java:21)] - /fileShare/@file.png
[INFO] [2020-06-08 11:58:26.000991][air.kanna.nanoHttpSharePC.logger.impl.Log4jLogger.info(Log4jLogger.java:21)] - /fileShare/src/main/java/air
[INFO] [2020-06-08 11:58:27.000003][air.kanna.nanoHttpSharePC.logger.impl.Log4jLogger.info(Log4jLogger.java:21)] - /fileShare/@folder.png
[INFO] [2020-06-08 11:58:27.000727][air.kanna.nanoHttpSharePC.logger.impl.Log4jLogger.info(Log4jLogger.java:21)] - /fileShare/src/main/java/air/kanna
[INFO] [2020-06-08 11:58:27.000737][air.kanna.nanoHttpSharePC.logger.impl.Log4jLogger.info(Log4jLogger.java:21)] - /fileShare/@folder.png
[INFO] [2020-06-08 11:58:28.000135][air.kanna.nanoHttpSharePC.logger.impl.Log4jLogger.info(Log4jLogger.java:21)] - /fileShare/src/main/java/air/kanna/nanoHttpSharePC
[INFO] [2020-06-08 11:58:28.000147][air.kanna.nanoHttpSharePC.logger.impl.Log4jLogger.info(Log4jLogger.java:21)] - /fileShare/@folder.png
[INFO] [2020-06-08 11:58:28.000147][air.kanna.nanoHttpSharePC.logger.impl.Log4jLogger.info(Log4jLogger.java:21)] - /fileShare/@file.png
[INFO] [2020-06-08 11:58:29.000303][air.kanna.nanoHttpSharePC.logger.impl.Log4jLogger.info(Log4jLogger.java:21)] - /fileShare/src/main/java/air/kanna/nanoHttpSharePC/App.java
[INFO] [2020-06-08 11:58:36.000487][air.kanna.nanoHttpSharePC.logger.impl.Log4jLogger.info(Log4jLogger.java:21)] - /fileShare/src/main/java/air
[INFO] [2020-06-08 11:58:36.000498][air.kanna.nanoHttpSharePC.logger.impl.Log4jLogger.info(Log4jLogger.java:21)] - /fileShare/@folder.png
[INFO] [2020-06-08 11:58:36.000928][air.kanna.nanoHttpSharePC.logger.impl.Log4jLogger.info(Log4jLogger.java:21)] - /fileShare/src/main/java
[INFO] [2020-06-08 11:58:36.000943][air.kanna.nanoHttpSharePC.logger.impl.Log4jLogger.info(Log4jLogger.java:21)] - /fileShare/@folder.png
[INFO] [2020-06-08 11:58:36.000943][air.kanna.nanoHttpSharePC.logger.impl.Log4jLogger.info(Log4jLogger.java:21)] - /fileShare/@file.png
[INFO] [2020-06-08 11:58:37.000367][air.kanna.nanoHttpSharePC.logger.impl.Log4jLogger.info(Log4jLogger.java:21)] - /fileShare/src/main
[INFO] [2020-06-08 11:58:37.000378][air.kanna.nanoHttpSharePC.logger.impl.Log4jLogger.info(Log4jLogger.java:21)] - /fileShare/@folder.png
[INFO] [2020-06-08 11:58:37.000897][air.kanna.nanoHttpSharePC.logger.impl.Log4jLogger.info(Log4jLogger.java:21)] - /fileShare/src
[INFO] [2020-06-08 11:58:37.000913][air.kanna.nanoHttpSharePC.logger.impl.Log4jLogger.info(Log4jLogger.java:21)] - /fileShare/@folder.png
[INFO] [2020-06-08 11:58:38.000447][air.kanna.nanoHttpSharePC.logger.impl.Log4jLogger.info(Log4jLogger.java:21)] - /fileShare/
[INFO] [2020-06-08 11:58:38.000458][air.kanna.nanoHttpSharePC.logger.impl.Log4jLogger.info(Log4jLogger.java:21)] - /fileShare/@file.png
[INFO] [2020-06-08 11:58:38.000458][air.kanna.nanoHttpSharePC.logger.impl.Log4jLogger.info(Log4jLogger.java:21)] - /fileShare/@folder.png
[INFO] [2020-06-08 11:58:52.000760][air.kanna.nanoHttpSharePC.logger.impl.Log4jLogger.info(Log4jLogger.java:21)] - /fileShare/.classpath
[INFO] [2020-06-08 14:44:28.000114][air.kanna.nanoHttpSharePC.logger.impl.Log4jLogger.info(Log4jLogger.java:21)] - /fileShare/
[INFO] [2020-06-08 14:44:28.000140][air.kanna.nanoHttpSharePC.logger.impl.Log4jLogger.info(Log4jLogger.java:21)] - /fileShare/@download.png
[INFO] [2020-06-08 14:44:28.000140][air.kanna.nanoHttpSharePC.logger.impl.Log4jLogger.info(Log4jLogger.java:21)] - /fileShare/@file.png
[INFO] [2020-06-08 14:44:28.000142][air.kanna.nanoHttpSharePC.logger.impl.Log4jLogger.info(Log4jLogger.java:21)] - /fileShare/@folder.png
[INFO] [2020-06-08 14:44:28.000154][air.kanna.nanoHttpSharePC.logger.impl.Log4jLogger.info(Log4jLogger.java:21)] - /favicon.ico
[INFO] [2020-06-08 14:44:28.000790][air.kanna.nanoHttpSharePC.logger.impl.Log4jLogger.info(Log4jLogger.java:21)] - /fileShare/
[INFO] [2020-06-08 14:44:28.000802][air.kanna.nanoHttpSharePC.logger.impl.Log4jLogger.info(Log4jLogger.java:21)] - /fileShare/@file.png
[INFO] [2020-06-08 14:44:28.000802][air.kanna.nanoHttpSharePC.logger.impl.Log4jLogger.info(Log4jLogger.java:21)] - /fileShare/@download.png
[INFO] [2020-06-08 14:44:28.000803][air.kanna.nanoHttpSharePC.logger.impl.Log4jLogger.info(Log4jLogger.java:21)] - /fileShare/@folder.png
[INFO] [2020-06-08 14:44:28.000808][air.kanna.nanoHttpSharePC.logger.impl.Log4jLogger.info(Log4jLogger.java:21)] - /favicon.ico
[INFO] [2020-06-08 14:44:30.000658][air.kanna.nanoHttpSharePC.logger.impl.Log4jLogger.info(Log4jLogger.java:21)] - /fileShare/
[INFO] [2020-06-08 14:44:30.000690][air.kanna.nanoHttpSharePC.logger.impl.Log4jLogger.info(Log4jLogger.java:21)] - /fileShare/@file.png
[INFO] [2020-06-08 14:44:30.000690][air.kanna.nanoHttpSharePC.logger.impl.Log4jLogger.info(Log4jLogger.java:21)] - /fileShare/@download.png
[INFO] [2020-06-08 14:44:30.000691][air.kanna.nanoHttpSharePC.logger.impl.Log4jLogger.info(Log4jLogger.java:21)] - /fileShare/@folder.png
[INFO] [2020-06-08 14:44:30.000701][air.kanna.nanoHttpSharePC.logger.impl.Log4jLogger.info(Log4jLogger.java:21)] - /favicon.ico
[INFO] [2020-06-08 14:44:34.000308][air.kanna.nanoHttpSharePC.logger.impl.Log4jLogger.info(Log4jLogger.java:21)] - /fileShare/
[INFO] [2020-06-08 14:44:34.000334][air.kanna.nanoHttpSharePC.logger.impl.Log4jLogger.info(Log4jLogger.java:21)] - /fileShare/@file.png
[INFO] [2020-06-08 14:44:34.000335][air.kanna.nanoHttpSharePC.logger.impl.Log4jLogger.info(Log4jLogger.java:21)] - /fileShare/@download.png
[INFO] [2020-06-08 14:44:34.000336][air.kanna.nanoHttpSharePC.logger.impl.Log4jLogger.info(Log4jLogger.java:21)] - /fileShare/@folder.png
[INFO] [2020-06-08 14:44:34.000343][air.kanna.nanoHttpSharePC.logger.impl.Log4jLogger.info(Log4jLogger.java:21)] - /favicon.ico
[INFO] [2020-06-08 14:46:07.000683][air.kanna.nanoHttpSharePC.logger.impl.Log4jLogger.info(Log4jLogger.java:21)] - /fileShare/
[INFO] [2020-06-08 14:46:07.000699][air.kanna.nanoHttpSharePC.logger.impl.Log4jLogger.info(Log4jLogger.java:21)] - /fileShare/@file.png
[INFO] [2020-06-08 14:46:07.000699][air.kanna.nanoHttpSharePC.logger.impl.Log4jLogger.info(Log4jLogger.java:21)] - /fileShare/@download.png
[INFO] [2020-06-08 14:46:07.000701][air.kanna.nanoHttpSharePC.logger.impl.Log4jLogger.info(Log4jLogger.java:21)] - /fileShare/@folder.png
[INFO] [2020-06-08 14:46:07.000707][air.kanna.nanoHttpSharePC.logger.impl.Log4jLogger.info(Log4jLogger.java:21)] - /favicon.ico
[INFO] [2020-06-08 14:46:08.000563][air.kanna.nanoHttpSharePC.logger.impl.Log4jLogger.info(Log4jLogger.java:21)] - /fileShare/
[INFO] [2020-06-08 14:46:08.000575][air.kanna.nanoHttpSharePC.logger.impl.Log4jLogger.info(Log4jLogger.java:21)] - /fileShare/@file.png
[INFO] [2020-06-08 14:46:08.000575][air.kanna.nanoHttpSharePC.logger.impl.Log4jLogger.info(Log4jLogger.java:21)] - /fileShare/@download.png
[INFO] [2020-06-08 14:46:08.000575][air.kanna.nanoHttpSharePC.logger.impl.Log4jLogger.info(Log4jLogger.java:21)] - /fileShare/@folder.png
[INFO] [2020-06-08 14:46:08.000582][air.kanna.nanoHttpSharePC.logger.impl.Log4jLogger.info(Log4jLogger.java:21)] - /favicon.ico
[INFO] [2020-06-08 14:47:38.000967][air.kanna.nanoHttpSharePC.logger.impl.Log4jLogger.info(Log4jLogger.java:21)] - /fileShare/
[INFO] [2020-06-08 14:47:38.000996][air.kanna.nanoHttpSharePC.logger.impl.Log4jLogger.info(Log4jLogger.java:21)] - /fileShare/@file.png
[INFO] [2020-06-08 14:47:38.000996][air.kanna.nanoHttpSharePC.logger.impl.Log4jLogger.info(Log4jLogger.java:21)] - /fileShare/@download.png
[INFO] [2020-06-08 14:47:38.000997][air.kanna.nanoHttpSharePC.logger.impl.Log4jLogger.info(Log4jLogger.java:21)] - /fileShare/@folder.png
[INFO] [2020-06-08 14:47:39.000012][air.kanna.nanoHttpSharePC.logger.impl.Log4jLogger.info(Log4jLogger.java:21)] - /favicon.ico
[INFO] [2020-06-08 14:47:39.000760][air.kanna.nanoHttpSharePC.logger.impl.Log4jLogger.info(Log4jLogger.java:21)] - /fileShare/
[INFO] [2020-06-08 14:47:39.000769][air.kanna.nanoHttpSharePC.logger.impl.Log4jLogger.info(Log4jLogger.java:21)] - /fileShare/@file.png
[INFO] [2020-06-08 14:47:39.000769][air.kanna.nanoHttpSharePC.logger.impl.Log4jLogger.info(Log4jLogger.java:21)] - /fileShare/@download.png
[INFO] [2020-06-08 14:47:39.000769][air.kanna.nanoHttpSharePC.logger.impl.Log4jLogger.info(Log4jLogger.java:21)] - /fileShare/@folder.png
[INFO] [2020-06-08 14:47:39.000776][air.kanna.nanoHttpSharePC.logger.impl.Log4jLogger.info(Log4jLogger.java:21)] - /favicon.ico
[INFO] [2020-06-08 14:47:40.000893][air.kanna.nanoHttpSharePC.logger.impl.Log4jLogger.info(Log4jLogger.java:21)] - /fileShare/
[INFO] [2020-06-08 14:47:40.000902][air.kanna.nanoHttpSharePC.logger.impl.Log4jLogger.info(Log4jLogger.java:21)] - /fileShare/@file.png
[INFO] [2020-06-08 14:47:40.000903][air.kanna.nanoHttpSharePC.logger.impl.Log4jLogger.info(Log4jLogger.java:21)] - /fileShare/@download.png
[INFO] [2020-06-08 14:47:40.000903][air.kanna.nanoHttpSharePC.logger.impl.Log4jLogger.info(Log4jLogger.java:21)] - /fileShare/@folder.png
[INFO] [2020-06-08 14:47:40.000909][air.kanna.nanoHttpSharePC.logger.impl.Log4jLogger.info(Log4jLogger.java:21)] - /favicon.ico
[INFO] [2020-06-08 14:47:45.000640][air.kanna.nanoHttpSharePC.logger.impl.Log4jLogger.info(Log4jLogger.java:21)] - /fileShare/
[INFO] [2020-06-08 14:47:45.000654][air.kanna.nanoHttpSharePC.logger.impl.Log4jLogger.info(Log4jLogger.java:21)] - /fileShare/@file.png
[INFO] [2020-06-08 14:47:45.000654][air.kanna.nanoHttpSharePC.logger.impl.Log4jLogger.info(Log4jLogger.java:21)] - /fileShare/@folder.png
[INFO] [2020-06-08 14:47:45.000654][air.kanna.nanoHttpSharePC.logger.impl.Log4jLogger.info(Log4jLogger.java:21)] - /fileShare/@download.png
[INFO] [2020-06-08 14:47:45.000663][air.kanna.nanoHttpSharePC.logger.impl.Log4jLogger.info(Log4jLogger.java:21)] - /favicon.ico
[INFO] [2020-06-08 14:47:52.000288][air.kanna.nanoHttpSharePC.logger.impl.Log4jLogger.info(Log4jLogger.java:21)] - /fileShare/@orgDownload/.project
[INFO] [2020-06-08 14:47:56.000078][air.kanna.nanoHttpSharePC.logger.impl.Log4jLogger.info(Log4jLogger.java:21)] - /fileShare/@orgDownload/pom.xml
[INFO] [2020-06-08 14:47:58.000478][air.kanna.nanoHttpSharePC.logger.impl.Log4jLogger.info(Log4jLogger.java:21)] - /fileShare/pom.xml
[INFO] [2020-06-08 14:49:04.000721][air.kanna.nanoHttpSharePC.logger.impl.Log4jLogger.info(Log4jLogger.java:21)] - /fileShare/
[INFO] [2020-06-08 14:49:04.000731][air.kanna.nanoHttpSharePC.logger.impl.Log4jLogger.info(Log4jLogger.java:21)] - /fileShare/@file.png
[INFO] [2020-06-08 14:49:04.000731][air.kanna.nanoHttpSharePC.logger.impl.Log4jLogger.info(Log4jLogger.java:21)] - /fileShare/@download.png
[INFO] [2020-06-08 14:49:04.000733][air.kanna.nanoHttpSharePC.logger.impl.Log4jLogger.info(Log4jLogger.java:21)] - /fileShare/@folder.png
[INFO] [2020-06-08 14:49:04.000739][air.kanna.nanoHttpSharePC.logger.impl.Log4jLogger.info(Log4jLogger.java:21)] - /favicon.ico
[INFO] [2020-06-08 14:59:37.000508][air.kanna.nanoHttpSharePC.logger.impl.Log4jLogger.info(Log4jLogger.java:21)] - /fileShare/
[INFO] [2020-06-08 14:59:37.000519][air.kanna.nanoHttpSharePC.logger.impl.Log4jLogger.info(Log4jLogger.java:21)] - /fileShare/@file.png
[INFO] [2020-06-08 14:59:37.000519][air.kanna.nanoHttpSharePC.logger.impl.Log4jLogger.info(Log4jLogger.java:21)] - /fileShare/@download.png
[INFO] [2020-06-08 14:59:37.000520][air.kanna.nanoHttpSharePC.logger.impl.Log4jLogger.info(Log4jLogger.java:21)] - /fileShare/@folder.png
[INFO] [2020-06-08 14:59:37.000529][air.kanna.nanoHttpSharePC.logger.impl.Log4jLogger.info(Log4jLogger.java:21)] - /favicon.ico
[INFO] [2020-06-08 15:00:04.000669][air.kanna.nanoHttpSharePC.logger.impl.Log4jLogger.info(Log4jLogger.java:21)] - /fileShare/
[INFO] [2020-06-08 15:00:04.000679][air.kanna.nanoHttpSharePC.logger.impl.Log4jLogger.info(Log4jLogger.java:21)] - /fileShare/@file.png
[INFO] [2020-06-08 15:00:04.000679][air.kanna.nanoHttpSharePC.logger.impl.Log4jLogger.info(Log4jLogger.java:21)] - /fileShare/@download.png
[INFO] [2020-06-08 15:00:04.000680][air.kanna.nanoHttpSharePC.logger.impl.Log4jLogger.info(Log4jLogger.java:21)] - /fileShare/@folder.png
[INFO] [2020-06-08 15:00:04.000687][air.kanna.nanoHttpSharePC.logger.impl.Log4jLogger.info(Log4jLogger.java:21)] - /favicon.ico
[INFO] [2020-06-08 15:01:25.000838][air.kanna.nanoHttpSharePC.logger.impl.Log4jLogger.info(Log4jLogger.java:21)] - /fileShare/pom.xml
[INFO] [2020-06-08 15:01:28.000582][air.kanna.nanoHttpSharePC.logger.impl.Log4jLogger.info(Log4jLogger.java:21)] - /fileShare/@orgDownload/pom.xml
[INFO] [2020-06-08 15:01:35.000127][air.kanna.nanoHttpSharePC.logger.impl.Log4jLogger.info(Log4jLogger.java:21)] - /fileShare/.settings
[INFO] [2020-06-08 15:01:35.000141][air.kanna.nanoHttpSharePC.logger.impl.Log4jLogger.info(Log4jLogger.java:21)] - /fileShare/@folder.png
[INFO] [2020-06-08 15:01:35.000141][air.kanna.nanoHttpSharePC.logger.impl.Log4jLogger.info(Log4jLogger.java:21)] - /fileShare/@file.png
[INFO] [2020-06-08 15:01:35.000143][air.kanna.nanoHttpSharePC.logger.impl.Log4jLogger.info(Log4jLogger.java:21)] - /fileShare/@download.png
[INFO] [2020-06-08 15:01:37.000358][air.kanna.nanoHttpSharePC.logger.impl.Log4jLogger.info(Log4jLogger.java:21)] - /fileShare/
[INFO] [2020-06-08 15:01:37.000371][air.kanna.nanoHttpSharePC.logger.impl.Log4jLogger.info(Log4jLogger.java:21)] - /fileShare/@file.png
[INFO] [2020-06-08 15:01:37.000371][air.kanna.nanoHttpSharePC.logger.impl.Log4jLogger.info(Log4jLogger.java:21)] - /fileShare/@download.png
[INFO] [2020-06-08 15:01:37.000372][air.kanna.nanoHttpSharePC.logger.impl.Log4jLogger.info(Log4jLogger.java:21)] - /fileShare/@folder.png
[INFO] [2020-06-08 15:01:38.000798][air.kanna.nanoHttpSharePC.logger.impl.Log4jLogger.info(Log4jLogger.java:21)] - /fileShare/src
[INFO] [2020-06-08 15:01:38.000812][air.kanna.nanoHttpSharePC.logger.impl.Log4jLogger.info(Log4jLogger.java:21)] - /fileShare/@folder.png
[INFO] [2020-06-08 15:01:39.000911][air.kanna.nanoHttpSharePC.logger.impl.Log4jLogger.info(Log4jLogger.java:21)] - /fileShare/src/main
[INFO] [2020-06-08 15:01:39.000925][air.kanna.nanoHttpSharePC.logger.impl.Log4jLogger.info(Log4jLogger.java:21)] - /fileShare/@folder.png
[INFO] [2020-06-08 15:01:40.000622][air.kanna.nanoHttpSharePC.logger.impl.Log4jLogger.info(Log4jLogger.java:21)] - /fileShare/src/main/java
[INFO] [2020-06-08 15:01:40.000636][air.kanna.nanoHttpSharePC.logger.impl.Log4jLogger.info(Log4jLogger.java:21)] - /fileShare/@folder.png
[INFO] [2020-06-08 15:01:40.000636][air.kanna.nanoHttpSharePC.logger.impl.Log4jLogger.info(Log4jLogger.java:21)] - /fileShare/@file.png
[INFO] [2020-06-08 15:01:40.000636][air.kanna.nanoHttpSharePC.logger.impl.Log4jLogger.info(Log4jLogger.java:21)] - /fileShare/@download.png
[INFO] [2020-06-08 15:01:42.000806][air.kanna.nanoHttpSharePC.logger.impl.Log4jLogger.info(Log4jLogger.java:21)] - /fileShare/src/main/java/air
[INFO] [2020-06-08 15:01:42.000819][air.kanna.nanoHttpSharePC.logger.impl.Log4jLogger.info(Log4jLogger.java:21)] - /fileShare/@folder.png
[INFO] [2020-06-08 15:01:43.000437][air.kanna.nanoHttpSharePC.logger.impl.Log4jLogger.info(Log4jLogger.java:21)] - /fileShare/src/main/java/air/kanna
[INFO] [2020-06-08 15:01:43.000452][air.kanna.nanoHttpSharePC.logger.impl.Log4jLogger.info(Log4jLogger.java:21)] - /fileShare/@folder.png
[INFO] [2020-06-08 15:01:44.000173][air.kanna.nanoHttpSharePC.logger.impl.Log4jLogger.info(Log4jLogger.java:21)] - /fileShare/src/main/java/air/kanna/nanoHttpSharePC
[INFO] [2020-06-08 15:01:44.000187][air.kanna.nanoHttpSharePC.logger.impl.Log4jLogger.info(Log4jLogger.java:21)] - /fileShare/@folder.png
[INFO] [2020-06-08 15:01:44.000188][air.kanna.nanoHttpSharePC.logger.impl.Log4jLogger.info(Log4jLogger.java:21)] - /fileShare/@file.png
[INFO] [2020-06-08 15:01:44.000188][air.kanna.nanoHttpSharePC.logger.impl.Log4jLogger.info(Log4jLogger.java:21)] - /fileShare/@download.png
[INFO] [2020-06-08 15:01:45.000606][air.kanna.nanoHttpSharePC.logger.impl.Log4jLogger.info(Log4jLogger.java:21)] - /fileShare/src/main/java/air/kanna/nanoHttpSharePC/logger
[INFO] [2020-06-08 15:01:45.000619][air.kanna.nanoHttpSharePC.logger.impl.Log4jLogger.info(Log4jLogger.java:21)] - /fileShare/@folder.png
[INFO] [2020-06-08 15:01:46.000485][air.kanna.nanoHttpSharePC.logger.impl.Log4jLogger.info(Log4jLogger.java:21)] - /fileShare/src/main/java/air/kanna/nanoHttpSharePC/logger/impl
[INFO] [2020-06-08 15:01:46.000499][air.kanna.nanoHttpSharePC.logger.impl.Log4jLogger.info(Log4jLogger.java:21)] - /fileShare/@folder.png
[INFO] [2020-06-08 15:01:46.000500][air.kanna.nanoHttpSharePC.logger.impl.Log4jLogger.info(Log4jLogger.java:21)] - /fileShare/@file.png
[INFO] [2020-06-08 15:01:46.000500][air.kanna.nanoHttpSharePC.logger.impl.Log4jLogger.info(Log4jLogger.java:21)] - /fileShare/@download.png
[INFO] [2020-06-08 15:01:47.000798][air.kanna.nanoHttpSharePC.logger.impl.Log4jLogger.info(Log4jLogger.java:21)] - /fileShare/src/main/java/air/kanna/nanoHttpSharePC/logger
[INFO] [2020-06-08 15:01:47.000811][air.kanna.nanoHttpSharePC.logger.impl.Log4jLogger.info(Log4jLogger.java:21)] - /fileShare/@folder.png
[INFO] [2020-06-08 15:01:48.000238][air.kanna.nanoHttpSharePC.logger.impl.Log4jLogger.info(Log4jLogger.java:21)] - /fileShare/src/main/java/air/kanna/nanoHttpSharePC
[INFO] [2020-06-08 15:01:48.000250][air.kanna.nanoHttpSharePC.logger.impl.Log4jLogger.info(Log4jLogger.java:21)] - /fileShare/@folder.png
[INFO] [2020-06-08 15:01:48.000250][air.kanna.nanoHttpSharePC.logger.impl.Log4jLogger.info(Log4jLogger.java:21)] - /fileShare/@file.png
[INFO] [2020-06-08 15:01:48.000250][air.kanna.nanoHttpSharePC.logger.impl.Log4jLogger.info(Log4jLogger.java:21)] - /fileShare/@download.png
[INFO] [2020-06-08 15:01:48.000725][air.kanna.nanoHttpSharePC.logger.impl.Log4jLogger.info(Log4jLogger.java:21)] - /fileShare/src/main/java/air/kanna
[INFO] [2020-06-08 15:01:48.000737][air.kanna.nanoHttpSharePC.logger.impl.Log4jLogger.info(Log4jLogger.java:21)] - /fileShare/@folder.png
[INFO] [2020-06-08 15:01:49.000789][air.kanna.nanoHttpSharePC.logger.impl.Log4jLogger.info(Log4jLogger.java:21)] - /fileShare/src/main/java/air
[INFO] [2020-06-08 15:01:49.000805][air.kanna.nanoHttpSharePC.logger.impl.Log4jLogger.info(Log4jLogger.java:21)] - /fileShare/@folder.png
[INFO] [2020-06-08 15:01:50.000470][air.kanna.nanoHttpSharePC.logger.impl.Log4jLogger.info(Log4jLogger.java:21)] - /fileShare/src/main/java
[INFO] [2020-06-08 15:01:50.000482][air.kanna.nanoHttpSharePC.logger.impl.Log4jLogger.info(Log4jLogger.java:21)] - /fileShare/@folder.png
[INFO] [2020-06-08 15:01:50.000482][air.kanna.nanoHttpSharePC.logger.impl.Log4jLogger.info(Log4jLogger.java:21)] - /fileShare/@file.png
[INFO] [2020-06-08 15:01:50.000483][air.kanna.nanoHttpSharePC.logger.impl.Log4jLogger.info(Log4jLogger.java:21)] - /fileShare/@download.png
[INFO] [2020-06-08 15:01:51.000558][air.kanna.nanoHttpSharePC.logger.impl.Log4jLogger.info(Log4jLogger.java:21)] - /fileShare/src/main
[INFO] [2020-06-08 15:01:51.000573][air.kanna.nanoHttpSharePC.logger.impl.Log4jLogger.info(Log4jLogger.java:21)] - /fileShare/@folder.png
[INFO] [2020-06-08 15:01:52.000101][air.kanna.nanoHttpSharePC.logger.impl.Log4jLogger.info(Log4jLogger.java:21)] - /fileShare/src
[INFO] [2020-06-08 15:01:52.000113][air.kanna.nanoHttpSharePC.logger.impl.Log4jLogger.info(Log4jLogger.java:21)] - /fileShare/@folder.png
[INFO] [2020-06-08 15:01:53.000334][air.kanna.nanoHttpSharePC.logger.impl.Log4jLogger.info(Log4jLogger.java:21)] - /fileShare/src/test
[INFO] [2020-06-08 15:01:53.000348][air.kanna.nanoHttpSharePC.logger.impl.Log4jLogger.info(Log4jLogger.java:21)] - /fileShare/@folder.png
[INFO] [2020-06-08 15:01:54.000084][air.kanna.nanoHttpSharePC.logger.impl.Log4jLogger.info(Log4jLogger.java:21)] - /fileShare/src/test/java
[INFO] [2020-06-08 15:01:54.000098][air.kanna.nanoHttpSharePC.logger.impl.Log4jLogger.info(Log4jLogger.java:21)] - /fileShare/@folder.png
[INFO] [2020-06-08 15:01:54.000542][air.kanna.nanoHttpSharePC.logger.impl.Log4jLogger.info(Log4jLogger.java:21)] - /fileShare/src/test/java/air
[INFO] [2020-06-08 15:01:54.000556][air.kanna.nanoHttpSharePC.logger.impl.Log4jLogger.info(Log4jLogger.java:21)] - /fileShare/@folder.png
[INFO] [2020-06-08 15:01:55.000006][air.kanna.nanoHttpSharePC.logger.impl.Log4jLogger.info(Log4jLogger.java:21)] - /fileShare/src/test/java/air/kanna
[INFO] [2020-06-08 15:01:55.000018][air.kanna.nanoHttpSharePC.logger.impl.Log4jLogger.info(Log4jLogger.java:21)] - /fileShare/@folder.png
[INFO] [2020-06-08 15:01:55.000502][air.kanna.nanoHttpSharePC.logger.impl.Log4jLogger.info(Log4jLogger.java:21)] - /fileShare/src/test/java/air/kanna/nanoHttpSharePC
[INFO] [2020-06-08 15:01:55.000516][air.kanna.nanoHttpSharePC.logger.impl.Log4jLogger.info(Log4jLogger.java:21)] - /fileShare/@folder.png
[INFO] [2020-06-08 15:01:55.000516][air.kanna.nanoHttpSharePC.logger.impl.Log4jLogger.info(Log4jLogger.java:21)] - /fileShare/@file.png
[INFO] [2020-06-08 15:01:55.000518][air.kanna.nanoHttpSharePC.logger.impl.Log4jLogger.info(Log4jLogger.java:21)] - /fileShare/@download.png
[INFO] [2020-06-08 15:01:56.000742][air.kanna.nanoHttpSharePC.logger.impl.Log4jLogger.info(Log4jLogger.java:21)] - /fileShare/src/test/java/air/kanna
[INFO] [2020-06-08 15:01:56.000755][air.kanna.nanoHttpSharePC.logger.impl.Log4jLogger.info(Log4jLogger.java:21)] - /fileShare/@folder.png
[INFO] [2020-06-08 15:01:57.000094][air.kanna.nanoHttpSharePC.logger.impl.Log4jLogger.info(Log4jLogger.java:21)] - /fileShare/src/test/java/air
[INFO] [2020-06-08 15:01:57.000108][air.kanna.nanoHttpSharePC.logger.impl.Log4jLogger.info(Log4jLogger.java:21)] - /fileShare/@folder.png
[INFO] [2020-06-08 15:01:57.000566][air.kanna.nanoHttpSharePC.logger.impl.Log4jLogger.info(Log4jLogger.java:21)] - /fileShare/src/test/java
[INFO] [2020-06-08 15:01:57.000581][air.kanna.nanoHttpSharePC.logger.impl.Log4jLogger.info(Log4jLogger.java:21)] - /fileShare/@folder.png
[INFO] [2020-06-08 15:01:58.000030][air.kanna.nanoHttpSharePC.logger.impl.Log4jLogger.info(Log4jLogger.java:21)] - /fileShare/src/test
[INFO] [2020-06-08 15:01:58.000042][air.kanna.nanoHttpSharePC.logger.impl.Log4jLogger.info(Log4jLogger.java:21)] - /fileShare/@folder.png
[INFO] [2020-06-08 15:01:58.000486][air.kanna.nanoHttpSharePC.logger.impl.Log4jLogger.info(Log4jLogger.java:21)] - /fileShare/src
[INFO] [2020-06-08 15:01:58.000498][air.kanna.nanoHttpSharePC.logger.impl.Log4jLogger.info(Log4jLogger.java:21)] - /fileShare/@folder.png
[INFO] [2020-06-08 15:01:59.000005][air.kanna.nanoHttpSharePC.logger.impl.Log4jLogger.info(Log4jLogger.java:21)] - /fileShare/
[INFO] [2020-06-08 15:01:59.000019][air.kanna.nanoHttpSharePC.logger.impl.Log4jLogger.info(Log4jLogger.java:21)] - /fileShare/@file.png
[INFO] [2020-06-08 15:01:59.000019][air.kanna.nanoHttpSharePC.logger.impl.Log4jLogger.info(Log4jLogger.java:21)] - /fileShare/@download.png
[INFO] [2020-06-08 15:01:59.000019][air.kanna.nanoHttpSharePC.logger.impl.Log4jLogger.info(Log4jLogger.java:21)] - /fileShare/@folder.png
[INFO] [2020-06-08 15:02:00.000741][air.kanna.nanoHttpSharePC.logger.impl.Log4jLogger.info(Log4jLogger.java:21)] - /fileShare/target
[INFO] [2020-06-08 15:02:00.000759][air.kanna.nanoHttpSharePC.logger.impl.Log4jLogger.info(Log4jLogger.java:21)] - /fileShare/@folder.png
[INFO] [2020-06-08 15:02:00.000759][air.kanna.nanoHttpSharePC.logger.impl.Log4jLogger.info(Log4jLogger.java:21)] - /fileShare/@file.png
[INFO] [2020-06-08 15:02:00.000759][air.kanna.nanoHttpSharePC.logger.impl.Log4jLogger.info(Log4jLogger.java:21)] - /fileShare/@download.png
[INFO] [2020-06-08 15:02:09.000919][air.kanna.nanoHttpSharePC.logger.impl.Log4jLogger.info(Log4jLogger.java:21)] - /fileShare/
[INFO] [2020-06-08 15:02:09.000936][air.kanna.nanoHttpSharePC.logger.impl.Log4jLogger.info(Log4jLogger.java:21)] - /fileShare/@file.png
[INFO] [2020-06-08 15:02:09.000936][air.kanna.nanoHttpSharePC.logger.impl.Log4jLogger.info(Log4jLogger.java:21)] - /fileShare/@download.png
[INFO] [2020-06-08 15:02:09.000938][air.kanna.nanoHttpSharePC.logger.impl.Log4jLogger.info(Log4jLogger.java:21)] - /fileShare/@folder.png
[INFO] [2020-06-08 15:02:12.000446][air.kanna.nanoHttpSharePC.logger.impl.Log4jLogger.info(Log4jLogger.java:21)] - /fileShare/.settings
[INFO] [2020-06-08 15:02:12.000459][air.kanna.nanoHttpSharePC.logger.impl.Log4jLogger.info(Log4jLogger.java:21)] - /fileShare/@folder.png
[INFO] [2020-06-08 15:02:12.000459][air.kanna.nanoHttpSharePC.logger.impl.Log4jLogger.info(Log4jLogger.java:21)] - /fileShare/@download.png
[INFO] [2020-06-08 15:02:12.000459][air.kanna.nanoHttpSharePC.logger.impl.Log4jLogger.info(Log4jLogger.java:21)] - /fileShare/@file.png
[INFO] [2020-06-08 15:02:14.000310][air.kanna.nanoHttpSharePC.logger.impl.Log4jLogger.info(Log4jLogger.java:21)] - /fileShare/
[INFO] [2020-06-08 15:02:14.000324][air.kanna.nanoHttpSharePC.logger.impl.Log4jLogger.info(Log4jLogger.java:21)] - /fileShare/@file.png
[INFO] [2020-06-08 15:02:14.000324][air.kanna.nanoHttpSharePC.logger.impl.Log4jLogger.info(Log4jLogger.java:21)] - /fileShare/@download.png
[INFO] [2020-06-08 15:02:14.000324][air.kanna.nanoHttpSharePC.logger.impl.Log4jLogger.info(Log4jLogger.java:21)] - /fileShare/@folder.png
[INFO] [2020-06-08 15:02:16.000310][air.kanna.nanoHttpSharePC.logger.impl.Log4jLogger.info(Log4jLogger.java:21)] - /fileShare/logs
[INFO] [2020-06-08 15:02:16.000323][air.kanna.nanoHttpSharePC.logger.impl.Log4jLogger.info(Log4jLogger.java:21)] - /fileShare/@folder.png
[INFO] [2020-06-08 15:02:16.000323][air.kanna.nanoHttpSharePC.logger.impl.Log4jLogger.info(Log4jLogger.java:21)] - /fileShare/@file.png
[INFO] [2020-06-08 15:02:16.000323][air.kanna.nanoHttpSharePC.logger.impl.Log4jLogger.info(Log4jLogger.java:21)] - /fileShare/@download.png
[INFO] [2020-06-08 15:02:17.000829][air.kanna.nanoHttpSharePC.logger.impl.Log4jLogger.info(Log4jLogger.java:21)] - /fileShare/
[INFO] [2020-06-08 15:02:17.000842][air.kanna.nanoHttpSharePC.logger.impl.Log4jLogger.info(Log4jLogger.java:21)] - /fileShare/@file.png
[INFO] [2020-06-08 15:02:17.000842][air.kanna.nanoHttpSharePC.logger.impl.Log4jLogger.info(Log4jLogger.java:21)] - /fileShare/@download.png
[INFO] [2020-06-08 15:02:17.000842][air.kanna.nanoHttpSharePC.logger.impl.Log4jLogger.info(Log4jLogger.java:21)] - /fileShare/@folder.png
[INFO] [2020-06-08 15:02:27.000119][air.kanna.nanoHttpSharePC.logger.impl.Log4jLogger.info(Log4jLogger.java:21)] - /fileShare/.settings
[INFO] [2020-06-08 15:02:27.000134][air.kanna.nanoHttpSharePC.logger.impl.Log4jLogger.info(Log4jLogger.java:21)] - /fileShare/@folder.png
[INFO] [2020-06-08 15:02:27.000134][air.kanna.nanoHttpSharePC.logger.impl.Log4jLogger.info(Log4jLogger.java:21)] - /fileShare/@file.png
[INFO] [2020-06-08 15:02:27.000135][air.kanna.nanoHttpSharePC.logger.impl.Log4jLogger.info(Log4jLogger.java:21)] - /fileShare/@download.png
[INFO] [2020-06-08 15:03:01.000582][air.kanna.nanoHttpSharePC.logger.impl.Log4jLogger.info(Log4jLogger.java:21)] - /fileShare/
[INFO] [2020-06-08 15:03:01.000596][air.kanna.nanoHttpSharePC.logger.impl.Log4jLogger.info(Log4jLogger.java:21)] - /fileShare/@file.png
[INFO] [2020-06-08 15:03:01.000597][air.kanna.nanoHttpSharePC.logger.impl.Log4jLogger.info(Log4jLogger.java:21)] - /fileShare/@download.png
[INFO] [2020-06-08 15:03:01.000601][air.kanna.nanoHttpSharePC.logger.impl.Log4jLogger.info(Log4jLogger.java:21)] - /fileShare/@folder.png
[INFO] [2020-06-08 15:03:03.000253][air.kanna.nanoHttpSharePC.logger.impl.Log4jLogger.info(Log4jLogger.java:21)] - /fileShare/target
[INFO] [2020-06-08 15:03:03.000270][air.kanna.nanoHttpSharePC.logger.impl.Log4jLogger.info(Log4jLogger.java:21)] - /fileShare/@folder.png
[INFO] [2020-06-08 15:03:03.000270][air.kanna.nanoHttpSharePC.logger.impl.Log4jLogger.info(Log4jLogger.java:21)] - /fileShare/@file.png
[INFO] [2020-06-08 15:03:03.000270][air.kanna.nanoHttpSharePC.logger.impl.Log4jLogger.info(Log4jLogger.java:21)] - /fileShare/@download.png
[INFO] [2020-06-08 15:03:04.000814][air.kanna.nanoHttpSharePC.logger.impl.Log4jLogger.info(Log4jLogger.java:21)] - /fileShare/
[INFO] [2020-06-08 15:03:04.000829][air.kanna.nanoHttpSharePC.logger.impl.Log4jLogger.info(Log4jLogger.java:21)] - /fileShare/@file.png
[INFO] [2020-06-08 15:03:04.000829][air.kanna.nanoHttpSharePC.logger.impl.Log4jLogger.info(Log4jLogger.java:21)] - /fileShare/@download.png
[INFO] [2020-06-08 15:03:04.000829][air.kanna.nanoHttpSharePC.logger.impl.Log4jLogger.info(Log4jLogger.java:21)] - /fileShare/@folder.png
[INFO] [2020-06-08 15:03:06.000358][air.kanna.nanoHttpSharePC.logger.impl.Log4jLogger.info(Log4jLogger.java:21)] - /fileShare/logs
[INFO] [2020-06-08 15:03:06.000373][air.kanna.nanoHttpSharePC.logger.impl.Log4jLogger.info(Log4jLogger.java:21)] - /fileShare/@folder.png
[INFO] [2020-06-08 15:03:06.000373][air.kanna.nanoHttpSharePC.logger.impl.Log4jLogger.info(Log4jLogger.java:21)] - /fileShare/@download.png
[INFO] [2020-06-08 15:03:06.000373][air.kanna.nanoHttpSharePC.logger.impl.Log4jLogger.info(Log4jLogger.java:21)] - /fileShare/@file.png
[INFO] [2020-06-08 15:03:07.000557][air.kanna.nanoHttpSharePC.logger.impl.Log4jLogger.info(Log4jLogger.java:21)] - /fileShare/
[INFO] [2020-06-08 15:03:07.000573][air.kanna.nanoHttpSharePC.logger.impl.Log4jLogger.info(Log4jLogger.java:21)] - /fileShare/@file.png
[INFO] [2020-06-08 15:03:07.000573][air.kanna.nanoHttpSharePC.logger.impl.Log4jLogger.info(Log4jLogger.java:21)] - /fileShare/@download.png
[INFO] [2020-06-08 15:03:07.000573][air.kanna.nanoHttpSharePC.logger.impl.Log4jLogger.info(Log4jLogger.java:21)] - /fileShare/@folder.png
[INFO] [2020-06-08 15:03:08.000661][air.kanna.nanoHttpSharePC.logger.impl.Log4jLogger.info(Log4jLogger.java:21)] - /fileShare/src
[INFO] [2020-06-08 15:03:08.000677][air.kanna.nanoHttpSharePC.logger.impl.Log4jLogger.info(Log4jLogger.java:21)] - /fileShare/@folder.png
[INFO] [2020-06-08 15:03:13.000919][air.kanna.nanoHttpSharePC.logger.impl.Log4jLogger.info(Log4jLogger.java:21)] - /fileShare/src/test
[INFO] [2020-06-08 15:03:13.000932][air.kanna.nanoHttpSharePC.logger.impl.Log4jLogger.info(Log4jLogger.java:21)] - /fileShare/@folder.png
[INFO] [2020-06-08 15:03:14.000902][air.kanna.nanoHttpSharePC.logger.impl.Log4jLogger.info(Log4jLogger.java:21)] - /fileShare/src/test/java
[INFO] [2020-06-08 15:03:14.000916][air.kanna.nanoHttpSharePC.logger.impl.Log4jLogger.info(Log4jLogger.java:21)] - /fileShare/@folder.png
[INFO] [2020-06-08 15:03:15.000462][air.kanna.nanoHttpSharePC.logger.impl.Log4jLogger.info(Log4jLogger.java:21)] - /fileShare/src/test/java/air
[INFO] [2020-06-08 15:03:15.000474][air.kanna.nanoHttpSharePC.logger.impl.Log4jLogger.info(Log4jLogger.java:21)] - /fileShare/@folder.png
[INFO] [2020-06-08 15:03:15.000958][air.kanna.nanoHttpSharePC.logger.impl.Log4jLogger.info(Log4jLogger.java:21)] - /fileShare/src/test/java/air/kanna
[INFO] [2020-06-08 15:03:15.000971][air.kanna.nanoHttpSharePC.logger.impl.Log4jLogger.info(Log4jLogger.java:21)] - /fileShare/@folder.png
[INFO] [2020-06-08 15:03:16.000485][air.kanna.nanoHttpSharePC.logger.impl.Log4jLogger.info(Log4jLogger.java:21)] - /fileShare/src/test/java/air/kanna/nanoHttpSharePC
[INFO] [2020-06-08 15:03:16.000496][air.kanna.nanoHttpSharePC.logger.impl.Log4jLogger.info(Log4jLogger.java:21)] - /fileShare/@folder.png
[INFO] [2020-06-08 15:03:16.000496][air.kanna.nanoHttpSharePC.logger.impl.Log4jLogger.info(Log4jLogger.java:21)] - /fileShare/@file.png
[INFO] [2020-06-08 15:03:16.000498][air.kanna.nanoHttpSharePC.logger.impl.Log4jLogger.info(Log4jLogger.java:21)] - /fileShare/@download.png
[INFO] [2020-06-08 15:03:18.000574][air.kanna.nanoHttpSharePC.logger.impl.Log4jLogger.info(Log4jLogger.java:21)] - /fileShare/src/test/java/air/kanna
[INFO] [2020-06-08 15:03:18.000590][air.kanna.nanoHttpSharePC.logger.impl.Log4jLogger.info(Log4jLogger.java:21)] - /fileShare/@folder.png
[INFO] [2020-06-08 15:03:19.000134][air.kanna.nanoHttpSharePC.logger.impl.Log4jLogger.info(Log4jLogger.java:21)] - /fileShare/src/test/java/air
[INFO] [2020-06-08 15:03:19.000145][air.kanna.nanoHttpSharePC.logger.impl.Log4jLogger.info(Log4jLogger.java:21)] - /fileShare/@folder.png
[INFO] [2020-06-08 15:03:19.000687][air.kanna.nanoHttpSharePC.logger.impl.Log4jLogger.info(Log4jLogger.java:21)] - /fileShare/src/test/java
[INFO] [2020-06-08 15:03:19.000700][air.kanna.nanoHttpSharePC.logger.impl.Log4jLogger.info(Log4jLogger.java:21)] - /fileShare/@folder.png
[INFO] [2020-06-08 15:03:20.000158][air.kanna.nanoHttpSharePC.logger.impl.Log4jLogger.info(Log4jLogger.java:21)] - /fileShare/src/test
[INFO] [2020-06-08 15:03:20.000173][air.kanna.nanoHttpSharePC.logger.impl.Log4jLogger.info(Log4jLogger.java:21)] - /fileShare/@folder.png
[INFO] [2020-06-08 15:03:20.000693][air.kanna.nanoHttpSharePC.logger.impl.Log4jLogger.info(Log4jLogger.java:21)] - /fileShare/src
[INFO] [2020-06-08 15:03:20.000706][air.kanna.nanoHttpSharePC.logger.impl.Log4jLogger.info(Log4jLogger.java:21)] - /fileShare/@folder.png
[INFO] [2020-06-08 15:03:21.000262][air.kanna.nanoHttpSharePC.logger.impl.Log4jLogger.info(Log4jLogger.java:21)] - /fileShare/
[INFO] [2020-06-08 15:03:21.000276][air.kanna.nanoHttpSharePC.logger.impl.Log4jLogger.info(Log4jLogger.java:21)] - /fileShare/@file.png
[INFO] [2020-06-08 15:03:21.000276][air.kanna.nanoHttpSharePC.logger.impl.Log4jLogger.info(Log4jLogger.java:21)] - /fileShare/@download.png
[INFO] [2020-06-08 15:03:21.000276][air.kanna.nanoHttpSharePC.logger.impl.Log4jLogger.info(Log4jLogger.java:21)] - /fileShare/@folder.png
[INFO] [2020-06-08 15:03:31.000182][air.kanna.nanoHttpSharePC.logger.impl.Log4jLogger.info(Log4jLogger.java:21)] - /fileShare/.settings
[INFO] [2020-06-08 15:03:31.000195][air.kanna.nanoHttpSharePC.logger.impl.Log4jLogger.info(Log4jLogger.java:21)] - /fileShare/@folder.png
[INFO] [2020-06-08 15:03:31.000195][air.kanna.nanoHttpSharePC.logger.impl.Log4jLogger.info(Log4jLogger.java:21)] - /fileShare/@file.png
[INFO] [2020-06-08 15:03:31.000197][air.kanna.nanoHttpSharePC.logger.impl.Log4jLogger.info(Log4jLogger.java:21)] - /fileShare/@download.png
[INFO] [2020-06-08 16:17:24.000557][air.kanna.nanoHttpSharePC.logger.impl.Log4jLogger.info(Log4jLogger.java:21)] - /fileShare/
[INFO] [2020-06-08 16:17:24.000572][air.kanna.nanoHttpSharePC.logger.impl.Log4jLogger.info(Log4jLogger.java:21)] - /fileShare/@file.png
[INFO] [2020-06-08 16:17:24.000572][air.kanna.nanoHttpSharePC.logger.impl.Log4jLogger.info(Log4jLogger.java:21)] - /fileShare/@download.png
[INFO] [2020-06-08 16:17:24.000574][air.kanna.nanoHttpSharePC.logger.impl.Log4jLogger.info(Log4jLogger.java:21)] - /fileShare/@folder.png
[INFO] [2020-06-08 16:17:27.000554][air.kanna.nanoHttpSharePC.logger.impl.Log4jLogger.info(Log4jLogger.java:21)] - /fileShare/.settings
[INFO] [2020-06-08 16:17:27.000568][air.kanna.nanoHttpSharePC.logger.impl.Log4jLogger.info(Log4jLogger.java:21)] - /fileShare/@folder.png
[INFO] [2020-06-08 16:17:27.000568][air.kanna.nanoHttpSharePC.logger.impl.Log4jLogger.info(Log4jLogger.java:21)] - /fileShare/@file.png
[INFO] [2020-06-08 16:17:27.000568][air.kanna.nanoHttpSharePC.logger.impl.Log4jLogger.info(Log4jLogger.java:21)] - /fileShare/@download.png
[INFO] [2020-06-08 16:17:31.000065][air.kanna.nanoHttpSharePC.logger.impl.Log4jLogger.info(Log4jLogger.java:21)] - /fileShare/
[INFO] [2020-06-08 16:17:31.000079][air.kanna.nanoHttpSharePC.logger.impl.Log4jLogger.info(Log4jLogger.java:21)] - /fileShare/@file.png
[INFO] [2020-06-08 16:17:31.000079][air.kanna.nanoHttpSharePC.logger.impl.Log4jLogger.info(Log4jLogger.java:21)] - /fileShare/@download.png
[INFO] [2020-06-08 16:17:31.000080][air.kanna.nanoHttpSharePC.logger.impl.Log4jLogger.info(Log4jLogger.java:21)] - /fileShare/@folder.png
[INFO] [2020-06-08 16:17:32.000249][air.kanna.nanoHttpSharePC.logger.impl.Log4jLogger.info(Log4jLogger.java:21)] - /fileShare/logs
[INFO] [2020-06-08 16:17:32.000264][air.kanna.nanoHttpSharePC.logger.impl.Log4jLogger.info(Log4jLogger.java:21)] - /fileShare/@folder.png
[INFO] [2020-06-08 16:17:32.000265][air.kanna.nanoHttpSharePC.logger.impl.Log4jLogger.info(Log4jLogger.java:21)] - /fileShare/@file.png
[INFO] [2020-06-08 16:17:32.000265][air.kanna.nanoHttpSharePC.logger.impl.Log4jLogger.info(Log4jLogger.java:21)] - /fileShare/@download.png
[INFO] [2020-06-08 16:17:33.000818][air.kanna.nanoHttpSharePC.logger.impl.Log4jLogger.info(Log4jLogger.java:21)] - /fileShare/
[INFO] [2020-06-08 16:17:33.000832][air.kanna.nanoHttpSharePC.logger.impl.Log4jLogger.info(Log4jLogger.java:21)] - /fileShare/@file.png
[INFO] [2020-06-08 16:17:33.000832][air.kanna.nanoHttpSharePC.logger.impl.Log4jLogger.info(Log4jLogger.java:21)] - /fileShare/@download.png
[INFO] [2020-06-08 16:17:33.000832][air.kanna.nanoHttpSharePC.logger.impl.Log4jLogger.info(Log4jLogger.java:21)] - /fileShare/@folder.png
[INFO] [2020-06-08 16:17:37.000561][air.kanna.nanoHttpSharePC.logger.impl.Log4jLogger.info(Log4jLogger.java:21)] - /fileShare/.settings
[INFO] [2020-06-08 16:17:37.000573][air.kanna.nanoHttpSharePC.logger.impl.Log4jLogger.info(Log4jLogger.java:21)] - /fileShare/@folder.png
[INFO] [2020-06-08 16:17:37.000573][air.kanna.nanoHttpSharePC.logger.impl.Log4jLogger.info(Log4jLogger.java:21)] - /fileShare/@download.png
[INFO] [2020-06-08 16:17:37.000573][air.kanna.nanoHttpSharePC.logger.impl.Log4jLogger.info(Log4jLogger.java:21)] - /fileShare/@file.png
[INFO] [2020-06-08 16:17:42.000820][air.kanna.nanoHttpSharePC.logger.impl.Log4jLogger.info(Log4jLogger.java:21)] - /fileShare/
[INFO] [2020-06-08 16:17:42.000833][air.kanna.nanoHttpSharePC.logger.impl.Log4jLogger.info(Log4jLogger.java:21)] - /fileShare/@file.png
[INFO] [2020-06-08 16:17:42.000834][air.kanna.nanoHttpSharePC.logger.impl.Log4jLogger.info(Log4jLogger.java:21)] - /fileShare/@download.png
[INFO] [2020-06-08 16:17:42.000835][air.kanna.nanoHttpSharePC.logger.impl.Log4jLogger.info(Log4jLogger.java:21)] - /fileShare/@folder.png
[INFO] [2020-06-08 16:17:46.000008][air.kanna.nanoHttpSharePC.logger.impl.Log4jLogger.info(Log4jLogger.java:21)] - /fileShare/.settings
[INFO] [2020-06-08 16:17:46.000025][air.kanna.nanoHttpSharePC.logger.impl.Log4jLogger.info(Log4jLogger.java:21)] - /fileShare/@folder.png
[INFO] [2020-06-08 16:17:46.000025][air.kanna.nanoHttpSharePC.logger.impl.Log4jLogger.info(Log4jLogger.java:21)] - /fileShare/@file.png
[INFO] [2020-06-08 16:17:46.000025][air.kanna.nanoHttpSharePC.logger.impl.Log4jLogger.info(Log4jLogger.java:21)] - /fileShare/@download.png
[INFO] [2020-06-08 16:17:48.000515][air.kanna.nanoHttpSharePC.logger.impl.Log4jLogger.info(Log4jLogger.java:21)] - /fileShare/
[INFO] [2020-06-08 16:17:48.000528][air.kanna.nanoHttpSharePC.logger.impl.Log4jLogger.info(Log4jLogger.java:21)] - /fileShare/@file.png
[INFO] [2020-06-08 16:17:48.000528][air.kanna.nanoHttpSharePC.logger.impl.Log4jLogger.info(Log4jLogger.java:21)] - /fileShare/@download.png
[INFO] [2020-06-08 16:17:48.000528][air.kanna.nanoHttpSharePC.logger.impl.Log4jLogger.info(Log4jLogger.java:21)] - /fileShare/@folder.png
[INFO] [2020-06-08 16:18:25.000538][air.kanna.nanoHttpSharePC.logger.impl.Log4jLogger.info(Log4jLogger.java:21)] - /fileShare/src
[INFO] [2020-06-08 16:18:25.000552][air.kanna.nanoHttpSharePC.logger.impl.Log4jLogger.info(Log4jLogger.java:21)] - /fileShare/@folder.png
[INFO] [2020-06-08 16:18:27.000394][air.kanna.nanoHttpSharePC.logger.impl.Log4jLogger.info(Log4jLogger.java:21)] - /fileShare/
[INFO] [2020-06-08 16:18:27.000407][air.kanna.nanoHttpSharePC.logger.impl.Log4jLogger.info(Log4jLogger.java:21)] - /fileShare/@file.png
[INFO] [2020-06-08 16:18:27.000407][air.kanna.nanoHttpSharePC.logger.impl.Log4jLogger.info(Log4jLogger.java:21)] - /fileShare/@download.png
[INFO] [2020-06-08 16:18:27.000408][air.kanna.nanoHttpSharePC.logger.impl.Log4jLogger.info(Log4jLogger.java:21)] - /fileShare/@folder.png
[INFO] [2020-06-08 16:18:28.000393][air.kanna.nanoHttpSharePC.logger.impl.Log4jLogger.info(Log4jLogger.java:21)] - /fileShare/logs
[INFO] [2020-06-08 16:18:28.000411][air.kanna.nanoHttpSharePC.logger.impl.Log4jLogger.info(Log4jLogger.java:21)] - /fileShare/@folder.png
[INFO] [2020-06-08 16:18:28.000411][air.kanna.nanoHttpSharePC.logger.impl.Log4jLogger.info(Log4jLogger.java:21)] - /fileShare/@file.png
[INFO] [2020-06-08 16:18:28.000411][air.kanna.nanoHttpSharePC.logger.impl.Log4jLogger.info(Log4jLogger.java:21)] - /fileShare/@download.png
[INFO] [2020-06-08 16:18:37.000163][air.kanna.nanoHttpSharePC.logger.impl.Log4jLogger.info(Log4jLogger.java:21)] - /fileShare/
[INFO] [2020-06-08 16:18:37.000178][air.kanna.nanoHttpSharePC.logger.impl.Log4jLogger.info(Log4jLogger.java:21)] - /fileShare/@file.png
[INFO] [2020-06-08 16:18:37.000178][air.kanna.nanoHttpSharePC.logger.impl.Log4jLogger.info(Log4jLogger.java:21)] - /fileShare/@download.png
[INFO] [2020-06-08 16:18:37.000180][air.kanna.nanoHttpSharePC.logger.impl.Log4jLogger.info(Log4jLogger.java:21)] - /fileShare/@folder.png
[INFO] [2020-06-08 16:18:40.000122][air.kanna.nanoHttpSharePC.logger.impl.Log4jLogger.info(Log4jLogger.java:21)] - /fileShare/.settings
[INFO] [2020-06-08 16:18:40.000136][air.kanna.nanoHttpSharePC.logger.impl.Log4jLogger.info(Log4jLogger.java:21)] - /fileShare/@folder.png
[INFO] [2020-06-08 16:18:40.000136][air.kanna.nanoHttpSharePC.logger.impl.Log4jLogger.info(Log4jLogger.java:21)] - /fileShare/@file.png
[INFO] [2020-06-08 16:18:40.000136][air.kanna.nanoHttpSharePC.logger.impl.Log4jLogger.info(Log4jLogger.java:21)] - /fileShare/@download.png
[INFO] [2020-06-08 16:25:48.000100][air.kanna.nanoHttpSharePC.logger.impl.Log4jLogger.info(Log4jLogger.java:21)] - /fileShare/.settings
[INFO] [2020-06-08 16:25:48.000110][air.kanna.nanoHttpSharePC.logger.impl.Log4jLogger.info(Log4jLogger.java:21)] - /fileShare/@file.png
[INFO] [2020-06-08 16:25:48.000120][air.kanna.nanoHttpSharePC.logger.impl.Log4jLogger.info(Log4jLogger.java:21)] - /fileShare/@folder.png
[INFO] [2020-06-08 16:25:48.000120][air.kanna.nanoHttpSharePC.logger.impl.Log4jLogger.info(Log4jLogger.java:21)] - /fileShare/@download.png
[INFO] [2020-06-08 16:25:48.000127][air.kanna.nanoHttpSharePC.logger.impl.Log4jLogger.info(Log4jLogger.java:21)] - /favicon.ico
[INFO] [2020-06-08 16:25:48.000897][air.kanna.nanoHttpSharePC.logger.impl.Log4jLogger.info(Log4jLogger.java:21)] - /fileShare/.settings
[INFO] [2020-06-08 16:25:48.000906][air.kanna.nanoHttpSharePC.logger.impl.Log4jLogger.info(Log4jLogger.java:21)] - /fileShare/@file.png
[INFO] [2020-06-08 16:25:48.000906][air.kanna.nanoHttpSharePC.logger.impl.Log4jLogger.info(Log4jLogger.java:21)] - /fileShare/@folder.png
[INFO] [2020-06-08 16:25:48.000906][air.kanna.nanoHttpSharePC.logger.impl.Log4jLogger.info(Log4jLogger.java:21)] - /fileShare/@download.png
[INFO] [2020-06-08 16:25:48.000913][air.kanna.nanoHttpSharePC.logger.impl.Log4jLogger.info(Log4jLogger.java:21)] - /favicon.ico
[INFO] [2020-06-08 16:25:49.000768][air.kanna.nanoHttpSharePC.logger.impl.Log4jLogger.info(Log4jLogger.java:21)] - /fileShare/
[INFO] [2020-06-08 16:25:49.000784][air.kanna.nanoHttpSharePC.logger.impl.Log4jLogger.info(Log4jLogger.java:21)] - /fileShare/@file.png
[INFO] [2020-06-08 16:25:49.000784][air.kanna.nanoHttpSharePC.logger.impl.Log4jLogger.info(Log4jLogger.java:21)] - /fileShare/@download.png
[INFO] [2020-06-08 16:25:49.000785][air.kanna.nanoHttpSharePC.logger.impl.Log4jLogger.info(Log4jLogger.java:21)] - /fileShare/@folder.png
[INFO] [2020-06-08 16:25:51.000376][air.kanna.nanoHttpSharePC.logger.impl.Log4jLogger.info(Log4jLogger.java:21)] - /fileShare/.settings
[INFO] [2020-06-08 16:25:51.000392][air.kanna.nanoHttpSharePC.logger.impl.Log4jLogger.info(Log4jLogger.java:21)] - /fileShare/@folder.png
[INFO] [2020-06-08 16:25:51.000392][air.kanna.nanoHttpSharePC.logger.impl.Log4jLogger.info(Log4jLogger.java:21)] - /fileShare/@file.png
[INFO] [2020-06-08 16:25:51.000392][air.kanna.nanoHttpSharePC.logger.impl.Log4jLogger.info(Log4jLogger.java:21)] - /fileShare/@download.png
[INFO] [2020-06-08 16:25:56.000186][air.kanna.nanoHttpSharePC.logger.impl.Log4jLogger.info(Log4jLogger.java:21)] - /fileShare/.settings
[INFO] [2020-06-08 16:25:56.000195][air.kanna.nanoHttpSharePC.logger.impl.Log4jLogger.info(Log4jLogger.java:21)] - /fileShare/@folder.png
[INFO] [2020-06-08 16:25:56.000195][air.kanna.nanoHttpSharePC.logger.impl.Log4jLogger.info(Log4jLogger.java:21)] - /fileShare/@file.png
[INFO] [2020-06-08 16:25:56.000196][air.kanna.nanoHttpSharePC.logger.impl.Log4jLogger.info(Log4jLogger.java:21)] - /fileShare/@download.png
[INFO] [2020-06-08 16:25:56.000202][air.kanna.nanoHttpSharePC.logger.impl.Log4jLogger.info(Log4jLogger.java:21)] - /favicon.ico
[INFO] [2020-06-08 16:25:56.000579][air.kanna.nanoHttpSharePC.logger.impl.Log4jLogger.info(Log4jLogger.java:21)] - /fileShare/.settings
[INFO] [2020-06-08 16:25:56.000588][air.kanna.nanoHttpSharePC.logger.impl.Log4jLogger.info(Log4jLogger.java:21)] - /fileShare/@folder.png
[INFO] [2020-06-08 16:25:56.000588][air.kanna.nanoHttpSharePC.logger.impl.Log4jLogger.info(Log4jLogger.java:21)] - /fileShare/@file.png
[INFO] [2020-06-08 16:25:56.000588][air.kanna.nanoHttpSharePC.logger.impl.Log4jLogger.info(Log4jLogger.java:21)] - /fileShare/@download.png
[INFO] [2020-06-08 16:25:56.000595][air.kanna.nanoHttpSharePC.logger.impl.Log4jLogger.info(Log4jLogger.java:21)] - /favicon.ico
[INFO] [2020-06-08 16:26:03.000306][air.kanna.nanoHttpSharePC.logger.impl.Log4jLogger.info(Log4jLogger.java:21)] - /fileShare/
[INFO] [2020-06-08 16:26:03.000322][air.kanna.nanoHttpSharePC.logger.impl.Log4jLogger.info(Log4jLogger.java:21)] - /fileShare/@file.png
[INFO] [2020-06-08 16:26:03.000322][air.kanna.nanoHttpSharePC.logger.impl.Log4jLogger.info(Log4jLogger.java:21)] - /fileShare/@download.png
[INFO] [2020-06-08 16:26:03.000323][air.kanna.nanoHttpSharePC.logger.impl.Log4jLogger.info(Log4jLogger.java:21)] - /fileShare/@folder.png
